<?xml version="1.0" encoding="UTF-8"?>
<!-- Generated by org.testng.reporters.JUnitReportReporter -->
<testsuite hostname="SaiKiran" failures="0" tests="3" name="KiranKabothula.Tests.SubmitOrderTest" time="13.973" errors="0" timestamp="2024-04-25T03:29:35 IST" skipped="0">
  <testcase classname="KiranKabothula.Tests.SubmitOrderTest" name="SubmitOrder" time="4.426"/>
  <system-out/>
  <testcase classname="KiranKabothula.Tests.SubmitOrderTest" name="OrdersHistory" time="3.244"/>
  <system-out/>
  <testcase classname="KiranKabothula.Tests.SubmitOrderTest" name="SubmitOrder" time="6.303"/>
  <system-out/>
</testsuite> <!-- KiranKabothula.Tests.SubmitOrderTest -->
